15:09:47.103 [main] INFO  testCases.TC_002_LoginTest - *****Finished TC_002_LoginTest*****
15:46:24.399 [main] INFO  testCases.TC_001_AccountRegistrationTest - ****    Starting TC_001_AccountRegistrationTest****
15:46:24.529 [main] INFO  testCases.TC_001_AccountRegistrationTest - Clicked on My Account link
15:46:25.087 [main] INFO  testCases.TC_001_AccountRegistrationTest - Clicked on register link
15:46:25.091 [main] INFO  testCases.TC_001_AccountRegistrationTest - Providing customer data
15:46:34.311 [main] INFO  testCases.TC_001_AccountRegistrationTest - Clicked on Countinue
15:46:34.391 [main] INFO  testCases.TC_001_AccountRegistrationTest - Validating expected message
15:46:34.394 [main] INFO  testCases.TC_001_AccountRegistrationTest - ****    Finished TC_001_AccountRegistrationTest****
15:46:36.698 [main] INFO  testCases.TC_002_LoginTest - *****Starting TC_002_LoginTest*****
15:46:36.698 [main] INFO  testCases.TC_002_LoginTest - Clicked on my account
15:46:37.166 [main] INFO  testCases.TC_002_LoginTest - Clicked on login Link
15:46:37.168 [main] INFO  testCases.TC_002_LoginTest - Providing login details
15:46:38.031 [main] INFO  testCases.TC_002_LoginTest - Clicked on login button
15:46:38.134 [main] INFO  testCases.TC_002_LoginTest - *****Finished TC_002_LoginTest*****
15:51:03.495 [main] INFO  testCases.TC_001_AccountRegistrationTest - ****    Starting TC_001_AccountRegistrationTest****
15:51:03.621 [main] INFO  testCases.TC_001_AccountRegistrationTest - Clicked on My Account link
15:51:04.102 [main] INFO  testCases.TC_001_AccountRegistrationTest - Clicked on register link
15:51:04.106 [main] INFO  testCases.TC_001_AccountRegistrationTest - Providing customer data
15:51:13.438 [main] INFO  testCases.TC_001_AccountRegistrationTest - Clicked on Countinue
15:51:13.497 [main] INFO  testCases.TC_001_AccountRegistrationTest - Validating expected message
15:51:13.501 [main] INFO  testCases.TC_001_AccountRegistrationTest - ****    Finished TC_001_AccountRegistrationTest****
15:51:15.535 [main] INFO  testCases.TC_002_LoginTest - *****Starting TC_002_LoginTest*****
15:51:15.535 [main] INFO  testCases.TC_002_LoginTest - Clicked on my account
15:51:15.988 [main] INFO  testCases.TC_002_LoginTest - Clicked on login Link
15:51:15.991 [main] INFO  testCases.TC_002_LoginTest - Providing login details
15:51:16.814 [main] INFO  testCases.TC_002_LoginTest - Clicked on login button
15:51:16.917 [main] INFO  testCases.TC_002_LoginTest - *****Finished TC_002_LoginTest*****
15:54:29.762 [main] INFO  testCases.TC_001_AccountRegistrationTest - ****    Starting TC_001_AccountRegistrationTest****
15:54:29.871 [main] INFO  testCases.TC_001_AccountRegistrationTest - Clicked on My Account link
15:54:30.389 [main] INFO  testCases.TC_001_AccountRegistrationTest - Clicked on register link
15:54:30.392 [main] INFO  testCases.TC_001_AccountRegistrationTest - Providing customer data
15:54:39.585 [main] INFO  testCases.TC_001_AccountRegistrationTest - Clicked on Countinue
15:54:39.640 [main] INFO  testCases.TC_001_AccountRegistrationTest - Validating expected message
15:54:39.644 [main] INFO  testCases.TC_001_AccountRegistrationTest - ****    Finished TC_001_AccountRegistrationTest****
15:54:41.998 [main] INFO  testCases.TC_002_LoginTest - *****Starting TC_002_LoginTest*****
15:54:41.999 [main] INFO  testCases.TC_002_LoginTest - Clicked on my account
15:54:42.525 [main] INFO  testCases.TC_002_LoginTest - Clicked on login Link
15:54:42.528 [main] INFO  testCases.TC_002_LoginTest - Providing login details
15:54:43.308 [main] INFO  testCases.TC_002_LoginTest - Clicked on login button
15:54:43.413 [main] INFO  testCases.TC_002_LoginTest - *****Finished TC_002_LoginTest*****
